Proyecto/app/build/intermediates/manifest_merge_blame_file/debug/manifest-merger-blame-debug-report.txt
1<?xml version="1.0" encoding="utf-8"?>
2<manifest xmlns:android="http://schemas.android.com/apk/res/android"
3    package="com.example.proyecto"
4    android:versionCode="1"
5    android:versionName="1.0" >
6
7    <uses-sdk
8        android:minSdkVersion="16"
8-->src\main\AndroidManifest.xml
9        android:targetSdkVersion="30" />
9-->src\main\AndroidManifest.xml
10
11    <uses-permission android:name="android.permission.INTERNET" />
11-->src\main\AndroidManifest.xml:4:5-66
11-->src\main\AndroidManifest.xml:4:22-64
12
13    <!-- se agrega para que se pueda conectar a base de datos -->
14    <application
14-->src\main\AndroidManifest.xml:6:5-29:19
15        android:allowBackup="true"
15-->src\main\AndroidManifest.xml:7:9-35
16        android:appComponentFactory="androidx.core.app.CoreComponentFactory"
16-->[androidx.core:core:1.1.0] AndroidManifest.xml:24:18-86
17        android:debuggable="true"
18        android:icon="@drawable/fonet"
18-->src\main\AndroidManifest.xml:8:9-39
19        android:label="@string/app_name"
19-->src\main\AndroidManifest.xml:9:9-41
20        android:roundIcon="@mipmap/ic_launcher_round"
20-->src\main\AndroidManifest.xml:10:9-54
21        android:supportsRtl="true"
21-->src\main\AndroidManifest.xml:11:9-35
22        android:testOnly="true"
23        android:theme="@style/AppTheme" >
23-->src\main\AndroidManifest.xml:12:9-40
24        <activity android:name="com.example.proyecto.Juegos" />
24-->src\main\AndroidManifest.xml:13:9-53
24-->src\main\AndroidManifest.xml:13:19-41
25        <activity android:name="com.example.proyecto.MenuPrincipal" />
25-->src\main\AndroidManifest.xml:14:9-51
25-->src\main\AndroidManifest.xml:14:19-48
26        <activity android:name="com.example.proyecto.Registro" />
26-->src\main\AndroidManifest.xml:15:9-46
26-->src\main\AndroidManifest.xml:15:19-43
27        <activity android:name="com.example.proyecto.RecuperarContrasena" />
27-->src\main\AndroidManifest.xml:16:9-57
27-->src\main\AndroidManifest.xml:16:19-54
28        <activity android:name="com.example.proyecto.MainActivity" />
28-->src\main\AndroidManifest.xml:17:9-50
28-->src\main\AndroidManifest.xml:17:19-47
29        <activity android:name="com.example.proyecto.Login" >
29-->src\main\AndroidManifest.xml:18:9-24:20
29-->src\main\AndroidManifest.xml:18:19-40
30            <intent-filter>
30-->src\main\AndroidManifest.xml:19:13-23:29
31                <action android:name="android.intent.action.MAIN" />
31-->src\main\AndroidManifest.xml:20:17-69
31-->src\main\AndroidManifest.xml:20:25-66
32
33                <category android:name="android.intent.category.LAUNCHER" />
33-->src\main\AndroidManifest.xml:22:17-77
33-->src\main\AndroidManifest.xml:22:27-74
34            </intent-filter>
35        </activity>
36
37        <meta-data
37-->src\main\AndroidManifest.xml:26:9-28:57
38            android:name="preloaded_fonts"
38-->src\main\AndroidManifest.xml:27:13-43
39            android:resource="@array/preloaded_fonts" />
39-->src\main\AndroidManifest.xml:28:13-54
40    </application>
41
42</manifest>